<?xml version="1.0" encoding="UTF-8" ?>
<testsuite tests="6" failures="0" name="com.baydot721.lectordearchivos.lectorXMLTest" time="0.143" errors="0" skipped="0">
  <properties>
[...]
</properties>
  <testcase classname="com.baydot721.lectordearchivos.lectorXMLTest" name="testGetStringSinArchivo" time="0"/>
  <testcase classname="com.baydot721.lectordearchivos.lectorXMLTest" name="testLeerArchivoCorrecto" time="0.001"/>
  <testcase classname="com.baydot721.lectordearchivos.lectorXMLTest" name="testGetEstructuraDatosSinArchivo" time="0.142"/>
  <testcase classname="com.baydot721.lectordearchivos.lectorXMLTest" name="testGetStringConArchivo" time="0"/>
  <testcase classname="com.baydot721.lectordearchivos.lectorXMLTest" name="testLeerArchivoIncorrecto" time="0"/>
  <testcase classname="com.baydot721.lectordearchivos.lectorXMLTest" name="testGetEstructuraDatosConArchivo" time="0"/>
</testsuite>